2024-02-10 12:15:14,263 INFO  [Log] **************************************************************************************** 
2024-02-10 12:15:14,263 INFO  [Log] **************************************************************************************** 
2024-02-10 12:15:14,266 INFO  [Log] $$$$$$$$$$$$$$$$$$$$$                 My login test case       $$$$$$$$$$$$$$$$$$$$$$$$$ 
2024-02-10 12:15:14,267 INFO  [Log] **************************************************************************************** 
2024-02-10 12:15:14,267 INFO  [Log] **************************************************************************************** 
2024-02-10 12:15:14,267 INFO  [Log] My test case is executing 
2024-02-10 12:15:14,267 INFO  [Log] I am testing log4j functionality 
2024-03-17 09:21:37,792 INFO  [Log] **************************************************************************************** 
2024-03-17 09:21:37,793 INFO  [Log] **************************************************************************************** 
2024-03-17 09:21:37,796 INFO  [Log] $$$$$$$$$$$$$$$$$$$$$        My login test case       $$$$$$$$$$$$$$$$$$$$$$$$$ 
2024-03-17 09:21:37,796 INFO  [Log] **************************************************************************************** 
2024-03-17 09:21:37,796 INFO  [Log] **************************************************************************************** 
2024-03-17 09:21:37,796 INFO  [Log] My test case is executing 
2024-03-17 09:21:37,796 INFO  [Log] I am testing log4j functionality 
2024-03-23 13:18:19,384 INFO  [Log] **************************************************************************************** 
2024-03-23 13:18:19,384 INFO  [Log] **************************************************************************************** 
2024-03-23 13:18:19,387 INFO  [Log] $$$$$$$$$$$$$$$$$$$$$        My login test case       $$$$$$$$$$$$$$$$$$$$$$$$$ 
2024-03-23 13:18:19,387 INFO  [Log] **************************************************************************************** 
2024-03-23 13:18:19,387 INFO  [Log] **************************************************************************************** 
2024-03-23 13:18:19,387 INFO  [Log] My test case is executing 
2024-03-23 13:18:19,387 INFO  [Log] I am testing log4j functionality 
2024-03-23 13:20:37,865 INFO  [Log] **************************************************************************************** 
2024-03-23 13:20:37,865 INFO  [Log] **************************************************************************************** 
2024-03-23 13:20:37,869 INFO  [Log] $$$$$$$$$$$$$$$$$$$$$        My login test case       $$$$$$$$$$$$$$$$$$$$$$$$$ 
2024-03-23 13:20:37,869 INFO  [Log] **************************************************************************************** 
2024-03-23 13:20:37,869 INFO  [Log] **************************************************************************************** 
2024-03-23 13:20:37,869 INFO  [Log] My test case is executing 
2024-03-23 13:20:37,869 INFO  [Log] I am testing log4j functionality 
